<?xml version="1.0" encoding="UTF-8"?>
<!-- Generated by org.testng.reporters.JUnitXMLReporter -->
<testsuite ignored="16" hostname="IN-J5PM1J3" failures="0" tests="3" name="Test" time="9.562" errors="0" timestamp="25 Jul 2023 04:39:37 GMT">
  <testcase classname="Test_Cases.TC01_CreateToken" name="create_Token" time="3.919"/>
  <testcase classname="Test_Cases.TC03_GetBooking" name="getBooking" time="2.859"/>
  <testcase classname="Test_Cases.TC04_CreateBooking" name="create_booking" time="2.159"/>
  <testcase classname="Base_Class.baseTest" name="@BeforeSuite setReports" time="0.0">
    <ignored/>
  </testcase> <!-- @BeforeSuite setReports -->
  <testcase classname="Base_Class.baseTest" name="@BeforeSuite setReports" time="0.0">
    <ignored/>
  </testcase> <!-- @BeforeSuite setReports -->
  <testcase classname="Base_Class.baseTest" name="@BeforeSuite setReports" time="0.0">
    <ignored/>
  </testcase> <!-- @BeforeSuite setReports -->
  <testcase classname="Base_Class.baseTest" name="@BeforeSuite setReports" time="0.0">
    <ignored/>
  </testcase> <!-- @BeforeSuite setReports -->
  <testcase classname="Base_Class.baseTest" name="@BeforeSuite setReports" time="0.0">
    <ignored/>
  </testcase> <!-- @BeforeSuite setReports -->
  <testcase classname="Base_Class.baseTest" name="@BeforeSuite setReports" time="0.0">
    <ignored/>
  </testcase> <!-- @BeforeSuite setReports -->
  <testcase classname="Test_Cases.TC06_PartialUpdate" name="partial_Update_request" time="0.0">
    <ignored/>
  </testcase> <!-- partial_Update_request -->
  <testcase classname="Test_Cases.TC07_DeleteBooking" name="deletebooking" time="0.0">
    <ignored/>
  </testcase> <!-- deletebooking -->
  <testcase classname="Test_Cases.TC02_GetBookingIDs" name="getBookingIds" time="0.0">
    <ignored/>
  </testcase> <!-- getBookingIds -->
  <testcase classname="Base_Class.baseTest" name="@AfterSuite endReport" time="0.0">
    <ignored/>
  </testcase> <!-- @AfterSuite endReport -->
  <testcase classname="Base_Class.baseTest" name="@AfterSuite endReport" time="0.0">
    <ignored/>
  </testcase> <!-- @AfterSuite endReport -->
  <testcase classname="Base_Class.baseTest" name="@AfterSuite endReport" time="0.0">
    <ignored/>
  </testcase> <!-- @AfterSuite endReport -->
  <testcase classname="Base_Class.baseTest" name="@AfterSuite endReport" time="0.0">
    <ignored/>
  </testcase> <!-- @AfterSuite endReport -->
  <testcase classname="Base_Class.baseTest" name="@AfterSuite endReport" time="0.0">
    <ignored/>
  </testcase> <!-- @AfterSuite endReport -->
  <testcase classname="Base_Class.baseTest" name="@AfterSuite endReport" time="0.0">
    <ignored/>
  </testcase> <!-- @AfterSuite endReport -->
  <testcase classname="Test_Cases.TC05_UpdateBooking" name="update_booking" time="0.0">
    <ignored/>
  </testcase> <!-- update_booking -->
</testsuite> <!-- Test -->
