<?xml version="1.0" encoding="UTF-8"?>
<testng-results ignored="16" total="19" passed="3" failed="0" skipped="0">
  <reporter-output>
  </reporter-output>
  <suite started-at="2023-07-25T04:39:28Z" name="Suite" finished-at="2023-07-25T04:39:37Z" duration-ms="9562">
    <groups>
    </groups>
    <test started-at="2023-07-25T04:39:28Z" name="Test" finished-at="2023-07-25T04:39:37Z" duration-ms="9562">
      <class name="Test_Cases.TC01_CreateToken">
        <test-method is-config="true" signature="basic_Details()[pri:0, instance:Test_Cases.TC01_CreateToken@408b35bf]" started-at="2023-07-25T04:39:28Z" name="basic_Details" finished-at="2023-07-25T04:39:28Z" duration-ms="592" status="PASS">
          <reporter-output>
          </reporter-output>
        </test-method> <!-- basic_Details -->
        <test-method is-config="true" signature="startTest(java.lang.reflect.Method)[pri:0, instance:Test_Cases.TC01_CreateToken@408b35bf]" started-at="2023-07-25T04:39:28Z" name="startTest" finished-at="2023-07-25T04:39:28Z" duration-ms="3" status="PASS">
          <params>
            <param index="0">
              <value>
                <![CDATA[void Test_Cases.TC01_CreateToken.create_Token(org.testng.ITestContext)]]>
              </value>
            </param>
          </params>
          <reporter-output>
          </reporter-output>
        </test-method> <!-- startTest -->
        <test-method signature="create_Token(org.testng.ITestContext)[pri:1, instance:Test_Cases.TC01_CreateToken@408b35bf]" started-at="2023-07-25T04:39:28Z" name="create_Token" finished-at="2023-07-25T04:39:32Z" duration-ms="3919" status="PASS">
          <params>
            <param index="0">
              <value>
                <![CDATA[org.testng.TestRunner@612e21b9]]>
              </value>
            </param>
          </params>
          <reporter-output>
          </reporter-output>
        </test-method> <!-- create_Token -->
        <test-method is-config="true" signature="atestCaseResult(org.testng.ITestResult)[pri:0, instance:Test_Cases.TC01_CreateToken@408b35bf]" started-at="2023-07-25T04:39:32Z" name="atestCaseResult" finished-at="2023-07-25T04:39:32Z" duration-ms="2" status="PASS">
          <params>
            <param index="0">
              <value>
                <![CDATA[[TestResult name=create_Token status=SUCCESS method=TC01_CreateToken.create_Token(org.testng.ITestContext)[pri:1, instance:Test_Cases.TC01_CreateToken@408b35bf] output={null}]]]>
              </value>
            </param>
          </params>
          <reporter-output>
          </reporter-output>
        </test-method> <!-- atestCaseResult -->
        <test-method is-config="true" signature="endTest()[pri:0, instance:Test_Cases.TC01_CreateToken@408b35bf]" started-at="2023-07-25T04:39:32Z" name="endTest" finished-at="2023-07-25T04:39:32Z" duration-ms="2" status="PASS">
          <reporter-output>
          </reporter-output>
        </test-method> <!-- endTest -->
      </class> <!-- Test_Cases.TC01_CreateToken -->
      <class name="Test_Cases.TC03_GetBooking">
        <test-method is-config="true" signature="basic_Details()[pri:0, instance:Test_Cases.TC03_GetBooking@6b9267b]" started-at="2023-07-25T04:39:32Z" name="basic_Details" finished-at="2023-07-25T04:39:32Z" duration-ms="1" status="PASS">
          <reporter-output>
          </reporter-output>
        </test-method> <!-- basic_Details -->
        <test-method signature="getBooking()[pri:3, instance:Test_Cases.TC03_GetBooking@6b9267b]" started-at="2023-07-25T04:39:32Z" name="getBooking" finished-at="2023-07-25T04:39:35Z" duration-ms="2859" status="PASS">
          <reporter-output>
          </reporter-output>
        </test-method> <!-- getBooking -->
        <test-method is-config="true" signature="startTest(java.lang.reflect.Method)[pri:0, instance:Test_Cases.TC03_GetBooking@6b9267b]" started-at="2023-07-25T04:39:32Z" name="startTest" finished-at="2023-07-25T04:39:32Z" duration-ms="0" status="PASS">
          <params>
            <param index="0">
              <value>
                <![CDATA[void Test_Cases.TC03_GetBooking.getBooking()]]>
              </value>
            </param>
          </params>
          <reporter-output>
          </reporter-output>
        </test-method> <!-- startTest -->
        <test-method is-config="true" signature="atestCaseResult(org.testng.ITestResult)[pri:0, instance:Test_Cases.TC03_GetBooking@6b9267b]" started-at="2023-07-25T04:39:35Z" name="atestCaseResult" finished-at="2023-07-25T04:39:35Z" duration-ms="0" status="PASS">
          <params>
            <param index="0">
              <value>
                <![CDATA[[TestResult name=getBooking status=SUCCESS method=TC03_GetBooking.getBooking()[pri:3, instance:Test_Cases.TC03_GetBooking@6b9267b] output={null}]]]>
              </value>
            </param>
          </params>
          <reporter-output>
          </reporter-output>
        </test-method> <!-- atestCaseResult -->
        <test-method is-config="true" signature="endTest()[pri:0, instance:Test_Cases.TC03_GetBooking@6b9267b]" started-at="2023-07-25T04:39:35Z" name="endTest" finished-at="2023-07-25T04:39:35Z" duration-ms="0" status="PASS">
          <reporter-output>
          </reporter-output>
        </test-method> <!-- endTest -->
      </class> <!-- Test_Cases.TC03_GetBooking -->
      <class name="Test_Cases.TC04_CreateBooking">
        <test-method is-config="true" signature="setReports()[pri:0, instance:Test_Cases.TC04_CreateBooking@71e9a896]" started-at="2023-07-25T04:39:28Z" name="setReports" finished-at="2023-07-25T04:39:28Z" duration-ms="90" status="PASS">
          <reporter-output>
          </reporter-output>
        </test-method> <!-- setReports -->
        <test-method is-config="true" signature="basic_Details()[pri:0, instance:Test_Cases.TC04_CreateBooking@71e9a896]" started-at="2023-07-25T04:39:35Z" name="basic_Details" finished-at="2023-07-25T04:39:35Z" duration-ms="1" status="PASS">
          <reporter-output>
          </reporter-output>
        </test-method> <!-- basic_Details -->
        <test-method signature="create_booking()[pri:4, instance:Test_Cases.TC04_CreateBooking@71e9a896]" started-at="2023-07-25T04:39:35Z" name="create_booking" finished-at="2023-07-25T04:39:37Z" duration-ms="2159" status="PASS">
          <reporter-output>
          </reporter-output>
        </test-method> <!-- create_booking -->
        <test-method is-config="true" signature="startTest(java.lang.reflect.Method)[pri:0, instance:Test_Cases.TC04_CreateBooking@71e9a896]" started-at="2023-07-25T04:39:35Z" name="startTest" finished-at="2023-07-25T04:39:35Z" duration-ms="0" status="PASS">
          <params>
            <param index="0">
              <value>
                <![CDATA[void Test_Cases.TC04_CreateBooking.create_booking() throws java.io.IOException]]>
              </value>
            </param>
          </params>
          <reporter-output>
          </reporter-output>
        </test-method> <!-- startTest -->
        <test-method is-config="true" signature="endTest()[pri:0, instance:Test_Cases.TC04_CreateBooking@71e9a896]" started-at="2023-07-25T04:39:37Z" name="endTest" finished-at="2023-07-25T04:39:37Z" duration-ms="1" status="PASS">
          <reporter-output>
          </reporter-output>
        </test-method> <!-- endTest -->
        <test-method is-config="true" signature="atestCaseResult(org.testng.ITestResult)[pri:0, instance:Test_Cases.TC04_CreateBooking@71e9a896]" started-at="2023-07-25T04:39:37Z" name="atestCaseResult" finished-at="2023-07-25T04:39:37Z" duration-ms="0" status="PASS">
          <params>
            <param index="0">
              <value>
                <![CDATA[[TestResult name=create_booking status=SUCCESS method=TC04_CreateBooking.create_booking()[pri:4, instance:Test_Cases.TC04_CreateBooking@71e9a896] output={null}]]]>
              </value>
            </param>
          </params>
          <reporter-output>
          </reporter-output>
        </test-method> <!-- atestCaseResult -->
        <test-method is-config="true" signature="endReport()[pri:0, instance:Test_Cases.TC04_CreateBooking@71e9a896]" started-at="2023-07-25T04:39:37Z" name="endReport" finished-at="2023-07-25T04:39:37Z" duration-ms="223" status="PASS">
          <reporter-output>
          </reporter-output>
        </test-method> <!-- endReport -->
      </class> <!-- Test_Cases.TC04_CreateBooking -->
    </test> <!-- Test -->
  </suite> <!-- Suite -->
</testng-results>
